2025-05-02 05:54:46,438 - INFO - Config loaded from file.
2025-05-02 05:54:46,439 - INFO - Calibration loaded from file.
2025-05-02 06:14:04,643 - INFO - Config loaded from file.
2025-05-02 06:14:04,643 - INFO - Calibration loaded from file.
2025-05-02 08:03:22,542 - INFO - Starting VRtualJoy DS4 Mode...
2025-05-02 08:03:22,542 - INFO - Config loaded from file.
2025-05-02 08:03:22,542 - INFO - Calibration loaded from file.
2025-05-02 12:47:40,880 - INFO - Starting VRtualJoy DS4 Mode...
2025-05-02 12:47:40,908 - INFO - Config loaded from file.
2025-05-02 12:47:40,909 - INFO - Calibration loaded from file.
2025-05-02 12:57:09,938 - INFO - Starting VRtualJoy DS4 Mode...
2025-05-02 12:57:09,939 - INFO - Config loaded from file.
2025-05-02 12:57:09,939 - INFO - Calibration loaded from file.
2025-05-06 10:41:51,949 - INFO - Starting VRtualJoy DS4 Mode...
2025-05-06 10:41:51,949 - INFO - Config loaded from file.
2025-05-06 10:41:51,950 - INFO - Calibration loaded from file.
2025-05-06 10:50:07,668 - INFO - Starting VRtualJoy DS4 Mode...
2025-05-06 10:50:07,668 - INFO - Config loaded from file.
2025-05-06 10:50:07,668 - INFO - Calibration loaded from file.
2025-05-06 11:10:03,562 - INFO - Starting VRtualJoy DS4 Mode...
2025-05-06 11:10:03,563 - INFO - DS4 config loaded from main_config.json.
2025-05-06 11:10:03,563 - INFO - Calibration loaded from file.
2025-05-06 11:11:18,897 - INFO - Starting VRtualJoy DS4 Mode...
2025-05-06 11:11:18,897 - INFO - DS4 config loaded from main_config.json.
2025-05-06 11:11:18,898 - INFO - Calibration loaded from file.
2025-05-06 11:12:30,242 - INFO - Starting VRtualJoy DS4 Mode...
2025-05-06 11:12:30,243 - INFO - DS4 config loaded from main_config.json.
2025-05-06 11:12:30,243 - INFO - Calibration loaded from file.
2025-05-06 11:13:59,647 - INFO - Starting VRtualJoy DS4 Mode...
2025-05-06 11:13:59,647 - ERROR - Fatal error: [Errno 2] No such file or directory: 'D:\\My Tools\\Python\\PyOpenVR\\Python\\vrtualjoy\\main_config.json'
2025-05-06 11:16:23,286 - INFO - Starting VRtualJoy DS4 Mode...
2025-05-06 11:16:23,287 - INFO - DS4 config loaded from main_config.json.
2025-05-06 11:16:23,287 - INFO - Calibration loaded from file.
2025-05-06 11:23:15,653 - INFO - Starting VRtualJoy DS4 Mode...
2025-05-06 11:23:15,654 - INFO - DS4 config loaded from main_config.json.
2025-05-06 11:23:15,654 - INFO - Calibration loaded from file.
2025-05-06 11:59:39,335 - INFO - Starting VRtualJoy DS4 Mode...
2025-05-06 11:59:39,335 - INFO - DS4 config loaded from main_config.json.
2025-05-06 11:59:39,335 - INFO - Calibration loaded from file.
2025-05-06 12:21:55,404 - INFO - Starting VRtualJoy DS4 Mode...
2025-05-06 12:21:55,404 - INFO - DS4 config loaded from main_config.json.
2025-05-06 12:21:55,405 - INFO - Calibration loaded from file.
2025-05-07 08:27:25,282 - INFO - Starting VRtualJoy DS4 Mode...
2025-05-07 08:27:25,297 - INFO - DS4 config loaded from main_config.json.
2025-05-07 08:27:25,297 - INFO - Calibration loaded from file.
2025-05-07 08:28:50,220 - INFO - Starting VRtualJoy DS4 Mode...
2025-05-07 08:28:50,220 - INFO - DS4 config loaded from main_config.json.
2025-05-07 08:28:50,220 - INFO - Calibration loaded from file.
2025-05-08 03:54:02,033 - INFO - Starting VRtualJoy DS4 Mode...
2025-05-08 03:54:02,033 - INFO - DS4 config loaded from main_config.json.
2025-05-08 03:54:02,034 - INFO - Calibration loaded from file.
2025-05-08 03:56:17,365 - INFO - Starting VRtualJoy DS4 Mode...
2025-05-08 03:56:17,365 - INFO - DS4 config loaded from main_config.json.
2025-05-08 03:56:17,365 - INFO - Calibration loaded from file.
2025-05-12 10:32:33,914 - INFO - Starting VRtualJoy DS4 Mode...
2025-05-12 10:32:33,914 - INFO - DS4 config loaded from main_config.json.
2025-05-12 10:32:33,916 - INFO - Calibration loaded from file.
2025-05-12 10:35:28,671 - INFO - Starting VRtualJoy DS4 Mode...
2025-05-12 10:35:28,671 - INFO - DS4 config loaded from main_config.json.
2025-05-12 10:35:28,672 - INFO - Calibration loaded from file.
2025-05-12 10:36:05,323 - INFO - Starting VRtualJoy DS4 Mode...
2025-05-12 10:36:05,324 - INFO - DS4 config loaded from main_config.json.
2025-05-12 10:36:05,324 - INFO - Calibration loaded from file.
2025-05-12 10:36:27,367 - INFO - Calibration complete and saved.
2025-05-12 10:50:48,980 - INFO - Starting VRtualJoy DS4 Mode...
2025-05-12 10:50:48,980 - INFO - DS4 config loaded from main_config.json.
2025-05-12 10:50:48,981 - INFO - Calibration loaded from file.
2025-05-12 10:53:55,705 - INFO - Starting VRtualJoy DS4 Mode...
2025-05-12 10:53:55,705 - INFO - DS4 config loaded from main_config.json.
2025-05-12 10:53:55,706 - INFO - Calibration loaded from file.
2025-05-13 06:48:10,012 - INFO - Starting VRtualJoy DS4 Mode...
2025-05-13 06:48:10,012 - INFO - DS4 config loaded from main_config.json.
2025-05-13 06:48:10,012 - INFO - Calibration loaded from file.
2025-05-13 06:50:24,286 - INFO - Starting VRtualJoy DS4 Mode...
2025-05-13 06:50:24,287 - INFO - DS4 config loaded from main_config.json.
2025-05-13 06:50:24,287 - INFO - Calibration loaded from file.
2025-05-13 11:02:43,775 - INFO - Starting VRtualJoy DS4 Mode...
2025-05-13 11:02:43,775 - INFO - DS4 config loaded from main_config.json.
2025-05-13 11:02:43,775 - INFO - Calibration loaded from file.
2025-05-13 11:30:33,089 - INFO - Starting VRtualJoy DS4 Mode...
2025-05-13 11:30:33,089 - INFO - DS4 config loaded from main_config.json.
2025-05-13 11:30:33,089 - INFO - Calibration loaded from file.
2025-05-14 06:09:50,707 - INFO - Starting VRtualJoy DS4 Mode...
2025-05-14 06:09:50,755 - INFO - DS4 config loaded from main_config.json.
2025-05-14 06:09:50,756 - INFO - Calibration loaded from file.
2025-05-14 06:17:22,533 - INFO - Starting VRtualJoy DS4 Mode...
2025-05-14 06:17:22,534 - INFO - DS4 config loaded from main_config.json.
2025-05-14 06:17:22,534 - INFO - Calibration loaded from file.
2025-05-14 06:17:51,981 - INFO - Starting VRtualJoy DS4 Mode...
2025-05-14 06:17:51,981 - INFO - DS4 config loaded from main_config.json.
2025-05-14 06:17:51,981 - INFO - Calibration loaded from file.
2025-05-14 06:19:51,794 - INFO - Starting VRtualJoy DS4 Mode...
2025-05-14 06:19:51,794 - ERROR - Fatal error: Expecting ',' delimiter: line 3 column 41 (char 87)
2025-05-14 06:20:02,081 - INFO - Starting VRtualJoy DS4 Mode...
2025-05-14 06:20:02,081 - ERROR - Fatal error: Expecting ':' delimiter: line 3 column 47 (char 93)
2025-05-14 06:20:11,854 - INFO - Starting VRtualJoy DS4 Mode...
2025-05-14 06:20:11,854 - INFO - DS4 config loaded from main_config.json.
2025-05-14 06:20:11,854 - INFO - Calibration loaded from file.
2025-05-14 06:22:59,669 - INFO - Starting VRtualJoy DS4 Mode...
2025-05-14 06:22:59,669 - INFO - DS4 config loaded from main_config.json.
2025-05-14 06:22:59,669 - INFO - Calibration loaded from file.
2025-05-14 06:23:05,720 - ERROR - OpenVR initialization failed: 
