2025-05-02 12:53:20,163 - INFO - Starting VRtualJoy Xinput Mode...
2025-05-02 12:53:20,163 - ERROR - Fatal error: name 'openvr' is not defined
2025-05-02 12:54:39,720 - INFO - Starting VRtualJoy Xinput Mode...
2025-05-02 12:54:39,785 - INFO - Controller at index 1 has role: left
2025-05-02 12:54:39,785 - INFO - Controller at index 2 has role: right
2025-05-02 12:54:40,796 - INFO - Config loaded from file.
2025-05-02 12:54:40,796 - INFO - Calibration loaded from file.
2025-05-02 12:54:40,797 - INFO - Calibration loaded from file.
2025-05-02 12:57:16,588 - INFO - Starting VRtualJoy Xinput Mode...
2025-05-02 12:57:16,655 - INFO - Controller at index 1 has role: left
2025-05-02 12:57:16,656 - INFO - Controller at index 2 has role: right
2025-05-02 12:57:17,662 - INFO - Config loaded from file.
2025-05-02 12:57:17,662 - INFO - Calibration loaded from file.
2025-05-02 12:57:17,663 - INFO - Calibration loaded from file.
2025-05-06 10:41:42,592 - INFO - Starting VRtualJoy Xinput Mode...
2025-05-06 10:41:42,657 - INFO - Controller at index 1 assigned as fallback controller1
2025-05-06 10:41:42,657 - INFO - Controller at index 2 assigned as fallback controller2
2025-05-06 10:41:43,661 - INFO - Config loaded from file.
2025-05-06 10:41:43,661 - INFO - Calibration loaded from file.
2025-05-06 10:41:43,661 - INFO - Calibration loaded from file.
2025-05-06 11:21:26,826 - INFO - Starting VRtualJoy Xinput Mode...
2025-05-06 11:21:26,899 - INFO - Controller at index 1 has role: left
2025-05-06 11:21:26,899 - INFO - Controller at index 2 has role: right
2025-05-06 11:21:27,904 - INFO - Config loaded from file.
2025-05-06 11:21:27,905 - INFO - Calibration loaded from file.
2025-05-06 11:21:27,905 - INFO - Calibration loaded from file.
2025-05-06 11:22:23,302 - INFO - Starting VRtualJoy Xinput Mode...
2025-05-06 11:22:23,377 - INFO - Controller at index 1 has role: left
2025-05-06 11:22:23,378 - INFO - Controller at index 2 has role: right
2025-05-06 11:22:24,382 - ERROR - XINPUT section missing in config file.
2025-05-06 11:22:24,382 - WARNING - No config file found or invalid. Using defaults.
2025-05-06 11:22:24,384 - INFO - Calibration loaded from file.
2025-05-06 11:22:24,384 - INFO - Calibration loaded from file.
2025-05-06 11:22:24,396 - ERROR - Fatal error: 'LEFT_X_ENABLED'
2025-05-06 11:56:38,627 - INFO - Starting VRtualJoy Xinput Mode...
2025-05-06 11:56:38,695 - INFO - Controller at index 1 assigned as fallback controller1
2025-05-06 11:56:38,695 - INFO - Controller at index 2 assigned as fallback controller2
2025-05-06 11:56:39,699 - INFO - Config loaded from main_config.json.
2025-05-06 11:56:39,699 - INFO - Calibration loaded from file.
2025-05-06 11:56:39,699 - INFO - Calibration loaded from file.
2025-05-06 11:56:59,472 - INFO - Starting VRtualJoy Xinput Mode...
2025-05-06 11:56:59,546 - INFO - Controller at index 1 has role: left
2025-05-06 11:56:59,547 - INFO - Controller at index 2 has role: right
2025-05-06 11:57:00,551 - INFO - Config loaded from main_config.json.
2025-05-06 11:57:00,551 - INFO - Calibration loaded from file.
2025-05-06 11:57:00,551 - INFO - Calibration loaded from file.
2025-05-06 12:22:33,995 - INFO - Starting VRtualJoy Xinput Mode...
2025-05-06 12:22:34,065 - INFO - Controller at index 1 assigned as fallback controller1
2025-05-06 12:22:34,065 - INFO - Controller at index 2 assigned as fallback controller2
2025-05-06 12:22:35,069 - INFO - Config loaded from main_config.json.
2025-05-06 12:22:35,069 - INFO - Calibration loaded from file.
2025-05-06 12:22:35,069 - INFO - Calibration loaded from file.
2025-05-07 08:27:49,648 - INFO - Starting VRtualJoy Xinput Mode...
2025-05-07 08:27:49,735 - INFO - Controller at index 1 has role: left
2025-05-07 08:27:49,735 - INFO - Controller at index 2 has role: right
2025-05-07 08:27:50,739 - INFO - Config loaded from main_config.json.
2025-05-07 08:27:50,739 - INFO - Calibration loaded from file.
2025-05-07 08:27:50,740 - INFO - Calibration loaded from file.
2025-05-07 08:32:35,354 - INFO - Starting VRtualJoy Xinput Mode...
2025-05-07 08:32:35,419 - INFO - Controller at index 1 has role: left
2025-05-07 08:32:35,420 - INFO - Controller at index 2 has role: right
2025-05-07 08:32:36,427 - INFO - Config loaded from main_config.json.
2025-05-07 08:32:36,428 - INFO - Calibration loaded from file.
2025-05-07 08:32:36,428 - INFO - Calibration loaded from file.
2025-05-12 09:37:39,268 - INFO - Starting VRtualJoy Xinput Mode...
2025-05-12 09:37:43,315 - ERROR - Fatal error: 
2025-05-12 09:37:46,131 - INFO - Starting VRtualJoy Xinput Mode...
2025-05-12 09:37:50,062 - ERROR - Fatal error: 
2025-05-12 10:25:57,138 - INFO - Starting VRtualJoy Xinput Mode...
2025-05-12 10:25:57,199 - INFO - Controller at index 1 has role: left
2025-05-12 10:25:57,199 - INFO - Controller at index 2 has role: right
2025-05-12 10:25:58,217 - INFO - Config loaded from main_config.json.
2025-05-12 10:25:58,217 - INFO - Calibration loaded from file.
2025-05-12 10:25:58,217 - INFO - Calibration loaded from file.
2025-05-12 10:51:10,139 - INFO - Starting VRtualJoy Xinput Mode...
2025-05-12 10:51:10,207 - INFO - Controller at index 1 has role: left
2025-05-12 10:51:10,207 - INFO - Controller at index 2 has role: right
2025-05-12 10:51:11,215 - INFO - Config loaded from main_config.json.
2025-05-12 10:51:11,215 - INFO - Calibration loaded from file.
2025-05-12 10:51:11,215 - INFO - Calibration loaded from file.
2025-05-12 10:53:50,975 - INFO - Starting VRtualJoy Xinput Mode...
2025-05-12 10:53:51,034 - INFO - Controller at index 1 has role: left
2025-05-12 10:53:51,034 - INFO - Controller at index 2 has role: right
2025-05-12 10:53:52,040 - INFO - Config loaded from main_config.json.
2025-05-12 10:53:52,040 - INFO - Calibration loaded from file.
2025-05-12 10:53:52,040 - INFO - Calibration loaded from file.
2025-05-12 10:54:20,078 - INFO - Starting VRtualJoy Xinput Mode...
2025-05-12 10:54:20,146 - INFO - Controller at index 1 has role: left
2025-05-12 10:54:20,146 - INFO - Controller at index 2 has role: right
2025-05-12 10:54:21,152 - INFO - Config loaded from main_config.json.
2025-05-12 10:54:21,152 - INFO - Calibration loaded from file.
2025-05-12 10:54:21,152 - INFO - Calibration loaded from file.
2025-05-13 06:48:12,845 - INFO - Starting VRtualJoy Xinput Mode...
2025-05-13 06:50:26,993 - INFO - Starting VRtualJoy Xinput Mode...
2025-05-13 11:30:29,177 - INFO - Starting VRtualJoy Xinput Mode...
2025-05-14 06:17:57,962 - INFO - Starting VRtualJoy Xinput Mode...
2025-05-14 06:25:01,452 - INFO - Starting VRtualJoy Xinput Mode...
